2025-05-22 17:19:45,173 - ERROR - Error loading dim_date: (mysql.connector.errors.DatabaseError) 2005 (HY000): Unknown MySQL server host '100@localhost' (11003)
(Background on this error at: https://sqlalche.me/e/20/4xp6)
2025-05-22 17:19:45,205 - ERROR - Error loading dim_product: (mysql.connector.errors.DatabaseError) 2005 (HY000): Unknown MySQL server host '100@localhost' (11003)
(Background on this error at: https://sqlalche.me/e/20/4xp6)
2025-05-22 17:19:45,205 - ERROR - Error loading dim_store: (mysql.connector.errors.DatabaseError) 2005 (HY000): Unknown MySQL server host '100@localhost' (11003)
(Background on this error at: https://sqlalche.me/e/20/4xp6)
2025-05-22 17:19:45,237 - ERROR - Error loading fact_sales: (mysql.connector.errors.DatabaseError) 2005 (HY000): Unknown MySQL server host '100@localhost' (11003)
(Background on this error at: https://sqlalche.me/e/20/4xp6)
2025-05-22 17:22:09,312 - INFO - Database connection established
2025-05-22 17:22:09,433 - ERROR - Error loading dim_date: (mysql.connector.errors.DatabaseError) 2005 (HY000): Unknown MySQL server host '100@localhost' (11003)
(Background on this error at: https://sqlalche.me/e/20/4xp6)
2025-05-22 17:22:09,442 - ERROR - Error loading dim_product: (mysql.connector.errors.DatabaseError) 2005 (HY000): Unknown MySQL server host '100@localhost' (11003)
(Background on this error at: https://sqlalche.me/e/20/4xp6)
2025-05-22 17:22:09,442 - ERROR - Error loading dim_store: (mysql.connector.errors.DatabaseError) 2005 (HY000): Unknown MySQL server host '100@localhost' (11003)
(Background on this error at: https://sqlalche.me/e/20/4xp6)
2025-05-22 17:22:09,442 - ERROR - Error loading fact_sales: (mysql.connector.errors.DatabaseError) 2005 (HY000): Unknown MySQL server host '100@localhost' (11003)
(Background on this error at: https://sqlalche.me/e/20/4xp6)
2025-05-22 17:22:30,195 - INFO - Database connection established
2025-05-22 17:27:55,438 - INFO - Database connection established
2025-05-22 17:31:35,932 - INFO - Database connection established
